TN:
SF:src/app.js
FN:36,(anonymous_0)
FNF:1
FNH:1
FNDA:5,(anonymous_0)
DA:1,1
DA:2,1
DA:3,1
DA:4,1
DA:5,1
DA:6,1
DA:7,1
DA:9,1
DA:10,1
DA:11,1
DA:13,1
DA:14,1
DA:16,1
DA:22,1
DA:31,1
DA:32,1
DA:33,1
DA:34,1
DA:36,1
DA:37,5
DA:44,1
LF:21
LH:21
BRF:0
BRH:0
end_of_record
TN:
SF:src/db.js
FN:2,(anonymous_0)
FN:7,(anonymous_1)
FN:10,(anonymous_2)
FN:15,(anonymous_3)
FN:18,(anonymous_4)
FN:26,(anonymous_5)
FN:29,(anonymous_6)
FN:35,(anonymous_7)
FNF:8
FNH:8
FNDA:10,(anonymous_0)
FNDA:22,(anonymous_1)
FNDA:2,(anonymous_2)
FNDA:1,(anonymous_3)
FNDA:5,(anonymous_4)
FNDA:15,(anonymous_5)
FNDA:3,(anonymous_6)
FNDA:1,(anonymous_7)
DA:2,1
DA:3,10
DA:6,10
DA:7,22
DA:10,1
DA:11,2
DA:14,2
DA:15,2
DA:18,1
DA:19,5
DA:22,5
DA:23,5
DA:24,2
DA:26,15
DA:29,1
DA:30,3
DA:35,1
DA:37,1
LF:18
LH:18
BRDA:23,0,0,2
BRDA:23,0,1,3
BRF:2
BRH:2
end_of_record
TN:
SF:src/set.js
FN:7,(anonymous_0)
FN:14,(anonymous_1)
FN:30,(anonymous_2)
FN:44,(anonymous_3)
FNF:4
FNH:4
FNDA:10,(anonymous_0)
FNDA:2,(anonymous_1)
FNDA:3,(anonymous_2)
FNDA:2,(anonymous_3)
DA:1,1
DA:2,1
DA:7,1
DA:10,10
DA:11,10
DA:14,1
DA:15,2
DA:16,2
DA:17,2
DA:18,1
DA:19,1
DA:22,1
DA:23,1
DA:24,1
DA:25,1
DA:26,1
DA:27,1
DA:30,1
DA:31,3
DA:32,3
DA:33,3
DA:34,1
DA:35,1
DA:37,2
DA:38,2
DA:39,2
DA:40,2
DA:41,2
DA:44,1
DA:45,2
DA:46,2
DA:47,2
DA:48,1
DA:49,1
DA:51,1
DA:52,1
LF:36
LH:36
BRDA:17,0,0,1
BRDA:17,0,1,1
BRDA:33,1,0,1
BRDA:33,1,1,2
BRDA:47,2,0,1
BRDA:47,2,1,1
BRF:6
BRH:6
end_of_record
